Human eAdmin/app/build/intermediates/manifest_merge_blame_file/debug/manifest-merger-blame-debug-report.txt
1<?xml version="1.0" encoding="utf-8"?>
2<manifest xmlns:android="http://schemas.android.com/apk/res/android"
3    package="com.vsm.human.etimeadmin"
4    android:versionCode="171"
5    android:versionName="3.3.30" >
6
7    <uses-sdk
8        android:minSdkVersion="23"
8-->src\main\AndroidManifest.xml
9        android:targetSdkVersion="33" />
9-->src\main\AndroidManifest.xml
10
11    <uses-permission android:name="android.permission.SCHEDULE_EXACT_ALARM" />
11-->src\main\AndroidManifest.xml:6:5-78
11-->src\main\AndroidManifest.xml:6:22-76
12    <uses-permission android:name="android.permission.POST_NOTIFICATIONS" />
12-->src\main\AndroidManifest.xml:7:5-76
12-->src\main\AndroidManifest.xml:7:22-74
13    <uses-permission android:name="android.permission.ACCESS_COARSE_LOCATION" />
13-->src\main\AndroidManifest.xml:8:5-81
13-->src\main\AndroidManifest.xml:8:22-78
14    <uses-permission android:name="android.permission.ACCESS_FINE_LOCATION" />
14-->src\main\AndroidManifest.xml:9:5-79
14-->src\main\AndroidManifest.xml:9:22-76
15    <uses-permission android:name="android.permission.ACCESS_NETWORK_STATE" />
15-->src\main\AndroidManifest.xml:10:5-79
15-->src\main\AndroidManifest.xml:10:22-76
16    <uses-permission android:name="android.permission.INTERNET" />
16-->src\main\AndroidManifest.xml:12:5-67
16-->src\main\AndroidManifest.xml:12:22-64
17    <uses-permission android:name="android.permission.CAMERA" />
17-->src\main\AndroidManifest.xml:13:5-65
17-->src\main\AndroidManifest.xml:13:22-62
18    <uses-permission android:name="android.permission.BLUETOOTH_PRIVILEGED" />
18-->src\main\AndroidManifest.xml:14:5-16:47
18-->src\main\AndroidManifest.xml:15:9-63
19    <uses-permission android:name="android.permission.WRITE_SETTINGS" />
19-->src\main\AndroidManifest.xml:17:5-19:47
19-->src\main\AndroidManifest.xml:18:9-57
20    <uses-permission android:name="android.permission.WRITE_SECURE_SETTINGS" />
20-->src\main\AndroidManifest.xml:20:5-22:47
20-->src\main\AndroidManifest.xml:21:9-64
21    <uses-permission android:name="android.permission.AIRPLANE_MODE" />
21-->src\main\AndroidManifest.xml:23:5-72
21-->src\main\AndroidManifest.xml:23:22-69
22    <uses-permission android:name="android.permission.SET_TIME" />
22-->src\main\AndroidManifest.xml:24:5-26:47
22-->src\main\AndroidManifest.xml:25:9-51
23    <uses-permission android:name="android.permission.SET_TIME_ZONE" />
23-->src\main\AndroidManifest.xml:27:5-29:47
23-->src\main\AndroidManifest.xml:28:9-56
24
25    <uses-feature
25-->src\main\AndroidManifest.xml:31:5-33:36
26        android:name="android.hardware.location.gps"
26-->src\main\AndroidManifest.xml:32:9-53
27        android:required="false" />
27-->src\main\AndroidManifest.xml:33:9-33
28    <uses-feature android:name="android.hardware.camera" />
28-->src\main\AndroidManifest.xml:34:5-60
28-->src\main\AndroidManifest.xml:34:19-57
29
30    <meta-data
31        android:name="firebase_crashlytics_collection_enabled"
31-->src\main\AndroidManifest.xml:37:9-63
32        android:value="false" />
32-->src\main\AndroidManifest.xml:38:9-56
33
34    <uses-permission android:name="android.permission.ACCESS_WIFI_STATE" />
34-->[com.google.android.libraries.places:places:3.0.0] AndroidManifest.xml:11:5-76
34-->[com.google.android.libraries.places:places:3.0.0] AndroidManifest.xml:11:22-73
35
36    <uses-feature
36-->[com.google.android.gms:play-services-maps:18.1.0] AndroidManifest.xml:26:5-28:35
37        android:glEsVersion="0x00020000"
37-->[com.google.android.gms:play-services-maps:18.1.0] AndroidManifest.xml:27:9-41
38        android:required="true" />
38-->[com.google.android.gms:play-services-maps:18.1.0] AndroidManifest.xml:28:9-32
39
40    <queries>
40-->[com.google.android.gms:play-services-maps:18.1.0] AndroidManifest.xml:30:5-34:15
41
42        <!-- Needs to be explicitly declared on Android R+ -->
43        <package android:name="com.google.android.apps.maps" />
43-->[com.google.android.gms:play-services-maps:18.1.0] AndroidManifest.xml:33:9-64
43-->[com.google.android.gms:play-services-maps:18.1.0] AndroidManifest.xml:33:18-61
44    </queries>
45
46    <uses-permission android:name="android.permission.WAKE_LOCK" />
46-->[com.google.android.gms:play-services-measurement-api:21.2.1] AndroidManifest.xml:24:5-68
46-->[com.google.android.gms:play-services-measurement-api:21.2.1] AndroidManifest.xml:24:22-65
47    <uses-permission android:name="com.google.android.finsky.permission.BIND_GET_INSTALL_REFERRER_SERVICE" />
47-->[com.google.android.gms:play-services-measurement:21.2.1] AndroidManifest.xml:26:5-110
47-->[com.google.android.gms:play-services-measurement:21.2.1] AndroidManifest.xml:26:22-107
48
49    <permission
49-->[androidx.core:core:1.9.0] AndroidManifest.xml:22:5-24:47
50        android:name="com.vsm.human.etimeadmin.DYNAMIC_RECEIVER_NOT_EXPORTED_PERMISSION"
50-->[androidx.core:core:1.9.0] AndroidManifest.xml:23:9-81
51        android:protectionLevel="signature" />
51-->[androidx.core:core:1.9.0] AndroidManifest.xml:24:9-44
52
53    <uses-permission android:name="com.vsm.human.etimeadmin.DYNAMIC_RECEIVER_NOT_EXPORTED_PERMISSION" /> <!-- Needed for Bluetooth low energy scanning. -->
53-->[androidx.core:core:1.9.0] AndroidManifest.xml:26:5-97
53-->[androidx.core:core:1.9.0] AndroidManifest.xml:26:22-94
54    <uses-permission android:name="android.permission.BLUETOOTH" />
54-->[com.estimote:mgmtsdk:1.4.0] AndroidManifest.xml:10:5-68
54-->[com.estimote:mgmtsdk:1.4.0] AndroidManifest.xml:10:22-65
55    <uses-permission android:name="android.permission.BLUETOOTH_ADMIN" /> <!-- Needed for Bluetooth scanning on Android M and above. -->
55-->[com.estimote:mgmtsdk:1.4.0] AndroidManifest.xml:11:5-74
55-->[com.estimote:mgmtsdk:1.4.0] AndroidManifest.xml:11:22-71
56    <uses-permission-sdk-23 android:name="android.permission.ACCESS_COARSE_LOCATION" />
56-->[com.estimote:mgmtsdk:1.4.0] AndroidManifest.xml:13:5-88
56-->[com.estimote:mgmtsdk:1.4.0] AndroidManifest.xml:13:29-85
57
58    <uses-feature
58-->[com.estimote:mgmtsdk:1.4.0] AndroidManifest.xml:18:5-20:36
59        android:name="android.hardware.bluetooth_le"
59-->[com.estimote:mgmtsdk:1.4.0] AndroidManifest.xml:19:9-53
60        android:required="false" />
60-->[com.estimote:mgmtsdk:1.4.0] AndroidManifest.xml:20:9-33
61
62    <application
62-->src\main\AndroidManifest.xml:40:5-125:19
63        android:name="com.venturessoft.human.views.ui.activities.BaseApplication"
63-->src\main\AndroidManifest.xml:41:9-60
64        android:allowBackup="false"
64-->src\main\AndroidManifest.xml:42:9-36
65        android:appComponentFactory="androidx.core.app.CoreComponentFactory"
65-->[androidx.core:core:1.9.0] AndroidManifest.xml:28:18-86
66        android:dataExtractionRules="@xml/data_extraction_rules"
66-->src\main\AndroidManifest.xml:51:9-65
67        android:debuggable="true"
68        android:extractNativeLibs="false"
69        android:fullBackupContent="false"
69-->src\main\AndroidManifest.xml:43:9-42
70        android:icon="@mipmap/icon_admin"
70-->src\main\AndroidManifest.xml:44:9-42
71        android:label="@string/app_name"
71-->src\main\AndroidManifest.xml:45:9-41
72        android:supportsRtl="true"
72-->src\main\AndroidManifest.xml:46:9-35
73        android:testOnly="true"
74        android:theme="@style/AppTheme"
74-->src\main\AndroidManifest.xml:47:9-40
75        android:usesCleartextTraffic="true"
75-->src\main\AndroidManifest.xml:48:9-44
76        android:windowSoftInputMode="adjustNothing" >
76-->src\main\AndroidManifest.xml:49:9-52
77        <receiver
77-->src\main\AndroidManifest.xml:53:9-54:37
78            android:name="com.venturessoft.human.utils.AlarmNotification"
78-->src\main\AndroidManifest.xml:53:19-58
79            android:enabled="true" />
79-->src\main\AndroidManifest.xml:54:13-35
80
81        <activity
81-->src\main\AndroidManifest.xml:55:9-57:56
82            android:name="com.venturessoft.human.views.ui.fragments.AuditHistory.ViewImageActivity"
82-->src\main\AndroidManifest.xml:55:19-84
83            android:screenOrientation="portrait" />
83-->src\main\AndroidManifest.xml:56:13-49
84        <activity
84-->src\main\AndroidManifest.xml:58:9-60:47
85            android:name="com.venturessoft.human.views.ui.activities.ChangeNipVinculadoActivity"
85-->src\main\AndroidManifest.xml:59:13-75
86            android:theme="@style/AppTheme" />
86-->src\main\AndroidManifest.xml:60:13-44
87
88        <uses-library
88-->src\main\AndroidManifest.xml:62:9-64:40
89            android:name="org.apache.http.legacy"
89-->src\main\AndroidManifest.xml:63:13-50
90            android:required="false" />
90-->src\main\AndroidManifest.xml:64:13-37
91
92        <meta-data
92-->src\main\AndroidManifest.xml:65:9-67:55
93            android:name="com.google.android.maps.v2.API_KEY"
93-->src\main\AndroidManifest.xml:66:13-62
94            android:value="@string/google_maps_key" />
94-->src\main\AndroidManifest.xml:67:13-52
95
96        <activity
96-->src\main\AndroidManifest.xml:69:9-73:56
97            android:name="com.venturessoft.human.views.ui.activities.Maps"
97-->src\main\AndroidManifest.xml:70:13-53
98            android:label="@string/title_activity_maps"
98-->src\main\AndroidManifest.xml:71:13-56
99            android:screenOrientation="portrait" />
99-->src\main\AndroidManifest.xml:72:13-49
100        <activity
100-->src\main\AndroidManifest.xml:74:9-80:56
101            android:name="com.venturessoft.human.views.ui.activities.WayToPayActivity"
101-->src\main\AndroidManifest.xml:75:13-65
102            android:label="@string/title_activity_way_to_pay"
102-->src\main\AndroidManifest.xml:76:13-62
103            android:screenOrientation="portrait"
103-->src\main\AndroidManifest.xml:77:13-49
104            android:theme="@style/AppTheme.NoActionBar"
104-->src\main\AndroidManifest.xml:78:13-56
105            android:windowSoftInputMode="stateAlwaysHidden|adjustResize" />
105-->src\main\AndroidManifest.xml:79:13-73
106        <activity android:name="com.venturessoft.human.views.ui.activities.AnimotionLottie" />
106-->src\main\AndroidManifest.xml:81:9-73
106-->src\main\AndroidManifest.xml:81:19-70
107        <activity
107-->src\main\AndroidManifest.xml:82:9-86:56
108            android:name="com.venturessoft.human.views.ui.activities.CreateAccountActivity"
108-->src\main\AndroidManifest.xml:83:13-70
109            android:screenOrientation="portrait"
109-->src\main\AndroidManifest.xml:84:13-49
110            android:windowSoftInputMode="stateAlwaysHidden|adjustResize" />
110-->src\main\AndroidManifest.xml:85:13-73
111        <activity
111-->src\main\AndroidManifest.xml:87:9-91:56
112            android:name="com.venturessoft.human.views.ui.activities.CompanyDataActivity"
112-->src\main\AndroidManifest.xml:88:13-68
113            android:screenOrientation="portrait"
113-->src\main\AndroidManifest.xml:89:13-49
114            android:windowSoftInputMode="stateAlwaysHidden|adjustResize" />
114-->src\main\AndroidManifest.xml:90:13-73
115        <activity
115-->src\main\AndroidManifest.xml:92:9-98:56
116            android:name="com.venturessoft.human.views.ui.activities.NavigationDrawerActivity"
116-->src\main\AndroidManifest.xml:93:13-73
117            android:label="@string/title_activity_nav_drawer"
117-->src\main\AndroidManifest.xml:94:13-62
118            android:screenOrientation="portrait"
118-->src\main\AndroidManifest.xml:95:13-49
119            android:theme="@style/AppTheme.NoActionBar"
119-->src\main\AndroidManifest.xml:96:13-56
120            android:windowSoftInputMode="stateAlwaysHidden|adjustResize" />
120-->src\main\AndroidManifest.xml:97:13-73
121        <activity
121-->src\main\AndroidManifest.xml:99:9-109:20
122            android:name="com.venturessoft.human.views.ui.activities.SplashActivity"
122-->src\main\AndroidManifest.xml:100:13-63
123            android:exported="true"
123-->src\main\AndroidManifest.xml:102:13-36
124            android:screenOrientation="portrait" >
124-->src\main\AndroidManifest.xml:101:13-49
125            <intent-filter>
125-->src\main\AndroidManifest.xml:104:13-108:29
126                <action android:name="android.intent.action.MAIN" />
126-->src\main\AndroidManifest.xml:105:17-69
126-->src\main\AndroidManifest.xml:105:25-66
127
128                <category android:name="android.intent.category.LAUNCHER" />
128-->src\main\AndroidManifest.xml:107:17-77
128-->src\main\AndroidManifest.xml:107:27-74
129            </intent-filter>
130        </activity>
131        <activity android:name="com.venturessoft.human.views.ui.activities.BaseActivity" />
131-->src\main\AndroidManifest.xml:110:9-70
131-->src\main\AndroidManifest.xml:110:19-67
132        <activity
132-->src\main\AndroidManifest.xml:111:9-115:56
133            android:name="com.venturessoft.human.views.ui.activities.LoginActivity"
133-->src\main\AndroidManifest.xml:112:13-62
134            android:screenOrientation="portrait"
134-->src\main\AndroidManifest.xml:113:13-49
135            android:windowSoftInputMode="stateAlwaysHidden|adjustResize" />
135-->src\main\AndroidManifest.xml:114:13-73
136        <activity
136-->src\main\AndroidManifest.xml:116:9-120:75
137            android:name="com.venturessoft.human.views.ui.activities.ForgotNipActivity"
137-->src\main\AndroidManifest.xml:117:13-66
138            android:screenOrientation="portrait"
138-->src\main\AndroidManifest.xml:118:13-49
139            android:windowSoftInputMode="stateAlwaysHidden|adjustResize" />
139-->src\main\AndroidManifest.xml:120:13-73
140        <activity
140-->src\main\AndroidManifest.xml:121:9-124:75
141            android:name="com.venturessoft.human.views.ui.activities.PayPalActivity"
141-->src\main\AndroidManifest.xml:122:13-63
142            android:theme="@style/Theme.AppCompat.NoActionBar"
142-->src\main\AndroidManifest.xml:123:13-63
143            android:windowSoftInputMode="stateAlwaysHidden|adjustResize" />
143-->src\main\AndroidManifest.xml:124:13-73
144        <activity
144-->[com.google.android.libraries.places:places:3.0.0] AndroidManifest.xml:15:9-21:20
145            android:name="com.google.android.libraries.places.widget.AutocompleteActivity"
145-->[com.google.android.libraries.places:places:3.0.0] AndroidManifest.xml:16:13-91
146            android:exported="false"
146-->[com.google.android.libraries.places:places:3.0.0] AndroidManifest.xml:17:13-37
147            android:label="@string/places_autocomplete_label"
147-->[com.google.android.libraries.places:places:3.0.0] AndroidManifest.xml:18:13-62
148            android:theme="@style/PlacesAutocompleteOverlay"
148-->[com.google.android.libraries.places:places:3.0.0] AndroidManifest.xml:19:13-61
149            android:windowSoftInputMode="adjustResize" >
149-->[com.google.android.libraries.places:places:3.0.0] AndroidManifest.xml:20:13-55
150        </activity>
151
152        <service
152-->[com.google.firebase:firebase-crashlytics-ktx:18.1.0] AndroidManifest.xml:24:9-30:19
153            android:name="com.google.firebase.components.ComponentDiscoveryService"
153-->[com.google.firebase:firebase-crashlytics-ktx:18.1.0] AndroidManifest.xml:25:13-84
154            android:directBootAware="true"
154-->[com.google.firebase:firebase-common:20.2.0] AndroidManifest.xml:34:13-43
155            android:exported="false" >
155-->[com.google.firebase:firebase-crashlytics-ktx:18.1.0] AndroidManifest.xml:26:13-37
156            <meta-data
156-->[com.google.firebase:firebase-crashlytics-ktx:18.1.0] AndroidManifest.xml:27:13-29:85
157                android:name="com.google.firebase.components:com.google.firebase.crashlytics.ktx.FirebaseCrashlyticsKtxRegistrar"
157-->[com.google.firebase:firebase-crashlytics-ktx:18.1.0] AndroidManifest.xml:28:17-130
158                android:value="com.google.firebase.components.ComponentRegistrar" />
158-->[com.google.firebase:firebase-crashlytics-ktx:18.1.0] AndroidManifest.xml:29:17-82
159            <meta-data
159-->[com.google.firebase:firebase-analytics-ktx:19.0.0] AndroidManifest.xml:11:13-13:85
160                android:name="com.google.firebase.components:com.google.firebase.analytics.ktx.FirebaseAnalyticsKtxRegistrar"
160-->[com.google.firebase:firebase-analytics-ktx:19.0.0] AndroidManifest.xml:12:17-126
161                android:value="com.google.firebase.components.ComponentRegistrar" />
161-->[com.google.firebase:firebase-analytics-ktx:19.0.0] AndroidManifest.xml:13:17-82
162            <meta-data
162-->[com.google.android.gms:play-services-measurement-api:21.2.1] AndroidManifest.xml:31:13-33:85
163                android:name="com.google.firebase.components:com.google.firebase.analytics.connector.internal.AnalyticsConnectorRegistrar"
163-->[com.google.android.gms:play-services-measurement-api:21.2.1] AndroidManifest.xml:32:17-139
164                android:value="com.google.firebase.components.ComponentRegistrar" />
164-->[com.google.android.gms:play-services-measurement-api:21.2.1] AndroidManifest.xml:33:17-82
165            <meta-data
165-->[com.google.firebase:firebase-crashlytics:18.1.0] AndroidManifest.xml:18:13-20:85
166                android:name="com.google.firebase.components:com.google.firebase.crashlytics.CrashlyticsRegistrar"
166-->[com.google.firebase:firebase-crashlytics:18.1.0] AndroidManifest.xml:19:17-115
167                android:value="com.google.firebase.components.ComponentRegistrar" />
167-->[com.google.firebase:firebase-crashlytics:18.1.0] AndroidManifest.xml:20:17-82
168            <meta-data
168-->[com.google.firebase:firebase-common-ktx:20.0.0] AndroidManifest.xml:15:13-17:85
169                android:name="com.google.firebase.components:com.google.firebase.ktx.FirebaseCommonKtxRegistrar"
169-->[com.google.firebase:firebase-common-ktx:20.0.0] AndroidManifest.xml:16:17-113
170                android:value="com.google.firebase.components.ComponentRegistrar" />
170-->[com.google.firebase:firebase-common-ktx:20.0.0] AndroidManifest.xml:17:17-82
171            <meta-data
171-->[com.google.firebase:firebase-installations:17.0.1] AndroidManifest.xml:18:13-20:85
172                android:name="com.google.firebase.components:com.google.firebase.installations.FirebaseInstallationsRegistrar"
172-->[com.google.firebase:firebase-installations:17.0.1] AndroidManifest.xml:19:17-127
173                android:value="com.google.firebase.components.ComponentRegistrar" />
173-->[com.google.firebase:firebase-installations:17.0.1] AndroidManifest.xml:20:17-82
174        </service>
175
176        <activity
176-->[com.google.android.gms:play-services-auth:20.4.1] AndroidManifest.xml:23:9-27:75
177            android:name="com.google.android.gms.auth.api.signin.internal.SignInHubActivity"
177-->[com.google.android.gms:play-services-auth:20.4.1] AndroidManifest.xml:24:13-93
178            android:excludeFromRecents="true"
178-->[com.google.android.gms:play-services-auth:20.4.1] AndroidManifest.xml:25:13-46
179            android:exported="false"
179-->[com.google.android.gms:play-services-auth:20.4.1] AndroidManifest.xml:26:13-37
180            android:theme="@android:style/Theme.Translucent.NoTitleBar" />
180-->[com.google.android.gms:play-services-auth:20.4.1] AndroidManifest.xml:27:13-72
181        <!--
182            Service handling Google Sign-In user revocation. For apps that do not integrate with
183            Google Sign-In, this service will never be started.
184        -->
185        <service
185-->[com.google.android.gms:play-services-auth:20.4.1] AndroidManifest.xml:33:9-37:51
186            android:name="com.google.android.gms.auth.api.signin.RevocationBoundService"
186-->[com.google.android.gms:play-services-auth:20.4.1] AndroidManifest.xml:34:13-89
187            android:exported="true"
187-->[com.google.android.gms:play-services-auth:20.4.1] AndroidManifest.xml:35:13-36
188            android:permission="com.google.android.gms.auth.api.signin.permission.REVOCATION_NOTIFICATION"
188-->[com.google.android.gms:play-services-auth:20.4.1] AndroidManifest.xml:36:13-107
189            android:visibleToInstantApps="true" />
189-->[com.google.android.gms:play-services-auth:20.4.1] AndroidManifest.xml:37:13-48
190
191        <activity
191-->[com.google.android.gms:play-services-base:18.1.0] AndroidManifest.xml:20:9-22:45
192            android:name="com.google.android.gms.common.api.GoogleApiActivity"
192-->[com.google.android.gms:play-services-base:18.1.0] AndroidManifest.xml:20:19-85
193            android:exported="false"
193-->[com.google.android.gms:play-services-base:18.1.0] AndroidManifest.xml:22:19-43
194            android:theme="@android:style/Theme.Translucent.NoTitleBar" />
194-->[com.google.android.gms:play-services-base:18.1.0] AndroidManifest.xml:21:19-78
195
196        <provider
196-->[com.google.firebase:firebase-common:20.2.0] AndroidManifest.xml:25:9-30:39
197            android:name="com.google.firebase.provider.FirebaseInitProvider"
197-->[com.google.firebase:firebase-common:20.2.0] AndroidManifest.xml:26:13-77
198            android:authorities="com.vsm.human.etimeadmin.firebaseinitprovider"
198-->[com.google.firebase:firebase-common:20.2.0] AndroidManifest.xml:27:13-72
199            android:directBootAware="true"
199-->[com.google.firebase:firebase-common:20.2.0] AndroidManifest.xml:28:13-43
200            android:exported="false"
200-->[com.google.firebase:firebase-common:20.2.0] AndroidManifest.xml:29:13-37
201            android:initOrder="100" />
201-->[com.google.firebase:firebase-common:20.2.0] AndroidManifest.xml:30:13-36
202
203        <receiver
203-->[com.google.android.gms:play-services-measurement:21.2.1] AndroidManifest.xml:29:9-33:20
204            android:name="com.google.android.gms.measurement.AppMeasurementReceiver"
204-->[com.google.android.gms:play-services-measurement:21.2.1] AndroidManifest.xml:30:13-85
205            android:enabled="true"
205-->[com.google.android.gms:play-services-measurement:21.2.1] AndroidManifest.xml:31:13-35
206            android:exported="false" >
206-->[com.google.android.gms:play-services-measurement:21.2.1] AndroidManifest.xml:32:13-37
207        </receiver>
208
209        <service
209-->[com.google.android.gms:play-services-measurement:21.2.1] AndroidManifest.xml:35:9-38:40
210            android:name="com.google.android.gms.measurement.AppMeasurementService"
210-->[com.google.android.gms:play-services-measurement:21.2.1] AndroidManifest.xml:36:13-84
211            android:enabled="true"
211-->[com.google.android.gms:play-services-measurement:21.2.1] AndroidManifest.xml:37:13-35
212            android:exported="false" />
212-->[com.google.android.gms:play-services-measurement:21.2.1] AndroidManifest.xml:38:13-37
213        <service
213-->[com.google.android.gms:play-services-measurement:21.2.1] AndroidManifest.xml:39:9-43:72
214            android:name="com.google.android.gms.measurement.AppMeasurementJobService"
214-->[com.google.android.gms:play-services-measurement:21.2.1] AndroidManifest.xml:40:13-87
215            android:enabled="true"
215-->[com.google.android.gms:play-services-measurement:21.2.1] AndroidManifest.xml:41:13-35
216            android:exported="false"
216-->[com.google.android.gms:play-services-measurement:21.2.1] AndroidManifest.xml:42:13-37
217            android:permission="android.permission.BIND_JOB_SERVICE" />
217-->[com.google.android.gms:play-services-measurement:21.2.1] AndroidManifest.xml:43:13-69
218
219        <meta-data
219-->[com.google.android.gms:play-services-basement:18.1.0] AndroidManifest.xml:21:9-23:69
220            android:name="com.google.android.gms.version"
220-->[com.google.android.gms:play-services-basement:18.1.0] AndroidManifest.xml:22:13-58
221            android:value="@integer/google_play_services_version" />
221-->[com.google.android.gms:play-services-basement:18.1.0] AndroidManifest.xml:23:13-66
222
223        <uses-library
223-->[androidx.window:window:1.0.0] AndroidManifest.xml:25:9-27:40
224            android:name="androidx.window.extensions"
224-->[androidx.window:window:1.0.0] AndroidManifest.xml:26:13-54
225            android:required="false" />
225-->[androidx.window:window:1.0.0] AndroidManifest.xml:27:13-37
226        <uses-library
226-->[androidx.window:window:1.0.0] AndroidManifest.xml:28:9-30:40
227            android:name="androidx.window.sidecar"
227-->[androidx.window:window:1.0.0] AndroidManifest.xml:29:13-51
228            android:required="false" />
228-->[androidx.window:window:1.0.0] AndroidManifest.xml:30:13-37
229
230        <provider
230-->[androidx.emoji2:emoji2:1.3.0] AndroidManifest.xml:24:9-32:20
231            android:name="androidx.startup.InitializationProvider"
231-->[androidx.emoji2:emoji2:1.3.0] AndroidManifest.xml:25:13-67
232            android:authorities="com.vsm.human.etimeadmin.androidx-startup"
232-->[androidx.emoji2:emoji2:1.3.0] AndroidManifest.xml:26:13-68
233            android:exported="false" >
233-->[androidx.emoji2:emoji2:1.3.0] AndroidManifest.xml:27:13-37
234            <meta-data
234-->[androidx.emoji2:emoji2:1.3.0] AndroidManifest.xml:29:13-31:52
235                android:name="androidx.emoji2.text.EmojiCompatInitializer"
235-->[androidx.emoji2:emoji2:1.3.0] AndroidManifest.xml:30:17-75
236                android:value="androidx.startup" />
236-->[androidx.emoji2:emoji2:1.3.0] AndroidManifest.xml:31:17-49
237            <meta-data
237-->[androidx.lifecycle:lifecycle-process:2.6.2] AndroidManifest.xml:29:13-31:52
238                android:name="androidx.lifecycle.ProcessLifecycleInitializer"
238-->[androidx.lifecycle:lifecycle-process:2.6.2] AndroidManifest.xml:30:17-78
239                android:value="androidx.startup" />
239-->[androidx.lifecycle:lifecycle-process:2.6.2] AndroidManifest.xml:31:17-49
240            <meta-data
240-->[androidx.profileinstaller:profileinstaller:1.3.0] AndroidManifest.xml:29:13-31:52
241                android:name="androidx.profileinstaller.ProfileInstallerInitializer"
241-->[androidx.profileinstaller:profileinstaller:1.3.0] AndroidManifest.xml:30:17-85
242                android:value="androidx.startup" />
242-->[androidx.profileinstaller:profileinstaller:1.3.0] AndroidManifest.xml:31:17-49
243        </provider>
244
245        <service
245-->[com.estimote:mgmtsdk:1.4.0] AndroidManifest.xml:23:9-25:40
246            android:name="com.estimote.mgmtsdk.connection.strategy.DeviceConnectionProviderService"
246-->[com.estimote:mgmtsdk:1.4.0] AndroidManifest.xml:24:13-100
247            android:exported="false" />
247-->[com.estimote:mgmtsdk:1.4.0] AndroidManifest.xml:25:13-37
248        <service android:name="com.estimote.mgmtsdk.repackaged.dfu_v0_6_1.no.nordicsemi.android.dfu.DfuBaseService" />
248-->[com.estimote:mgmtsdk:1.4.0] AndroidManifest.xml:26:9-119
248-->[com.estimote:mgmtsdk:1.4.0] AndroidManifest.xml:26:18-116
249        <service
249-->[com.estimote:scanning-sdk:0.5.0] AndroidManifest.xml:19:9-22:40
250            android:name="com.estimote.scanning_sdk.packet_provider.service.PacketProviderWrapperService"
250-->[com.estimote:scanning-sdk:0.5.0] AndroidManifest.xml:20:13-106
251            android:enabled="true"
251-->[com.estimote:scanning-sdk:0.5.0] AndroidManifest.xml:21:13-35
252            android:exported="false" />
252-->[com.estimote:scanning-sdk:0.5.0] AndroidManifest.xml:22:13-37
253        <service
253-->[com.google.android.datatransport:transport-backend-cct:3.0.0] AndroidManifest.xml:29:9-35:19
254            android:name="com.google.android.datatransport.runtime.backends.TransportBackendDiscovery"
254-->[com.google.android.datatransport:transport-backend-cct:3.0.0] AndroidManifest.xml:30:13-103
255            android:exported="false" >
255-->[com.google.android.datatransport:transport-backend-cct:3.0.0] AndroidManifest.xml:31:13-37
256            <meta-data
256-->[com.google.android.datatransport:transport-backend-cct:3.0.0] AndroidManifest.xml:32:13-34:39
257                android:name="backend:com.google.android.datatransport.cct.CctBackendFactory"
257-->[com.google.android.datatransport:transport-backend-cct:3.0.0] AndroidManifest.xml:33:17-94
258                android:value="cct" />
258-->[com.google.android.datatransport:transport-backend-cct:3.0.0] AndroidManifest.xml:34:17-36
259        </service>
260
261        <receiver
261-->[androidx.profileinstaller:profileinstaller:1.3.0] AndroidManifest.xml:34:9-52:20
262            android:name="androidx.profileinstaller.ProfileInstallReceiver"
262-->[androidx.profileinstaller:profileinstaller:1.3.0] AndroidManifest.xml:35:13-76
263            android:directBootAware="false"
263-->[androidx.profileinstaller:profileinstaller:1.3.0] AndroidManifest.xml:36:13-44
264            android:enabled="true"
264-->[androidx.profileinstaller:profileinstaller:1.3.0] AndroidManifest.xml:37:13-35
265            android:exported="true"
265-->[androidx.profileinstaller:profileinstaller:1.3.0] AndroidManifest.xml:38:13-36
266            android:permission="android.permission.DUMP" >
266-->[androidx.profileinstaller:profileinstaller:1.3.0] AndroidManifest.xml:39:13-57
267            <intent-filter>
267-->[androidx.profileinstaller:profileinstaller:1.3.0] AndroidManifest.xml:40:13-42:29
268                <action android:name="androidx.profileinstaller.action.INSTALL_PROFILE" />
268-->[androidx.profileinstaller:profileinstaller:1.3.0] AndroidManifest.xml:41:17-91
268-->[androidx.profileinstaller:profileinstaller:1.3.0] AndroidManifest.xml:41:25-88
269            </intent-filter>
270            <intent-filter>
270-->[androidx.profileinstaller:profileinstaller:1.3.0] AndroidManifest.xml:43:13-45:29
271                <action android:name="androidx.profileinstaller.action.SKIP_FILE" />
271-->[androidx.profileinstaller:profileinstaller:1.3.0] AndroidManifest.xml:44:17-85
271-->[androidx.profileinstaller:profileinstaller:1.3.0] AndroidManifest.xml:44:25-82
272            </intent-filter>
273            <intent-filter>
273-->[androidx.profileinstaller:profileinstaller:1.3.0] AndroidManifest.xml:46:13-48:29